<?xml version="1.0" encoding="UTF-8"?>
<!-- Generated by org.testng.reporters.JUnitReportReporter -->
<testsuite hostname="LAPTOP-HEROAPHO" failures="0" tests="5" name="r2s.store.test.TestLoginFail" time="13.293" errors="0" timestamp="2021-09-08T09:25:21 ICT" skipped="0">
  <testcase classname="r2s.store.test.TestLoginFail" name="LaunchWebSite" time="4.470"/>
  <system-out/>
  <testcase classname="r2s.store.test.TestLoginFail" name="DoLoginGoogle" time="2.445"/>
  <system-out/>
  <testcase classname="r2s.store.test.TestLoginFail" name="LoginWith_Usrname" time="1.292"/>
  <system-out/>
  <testcase classname="r2s.store.test.TestLoginFail" name="LoginWith_Password" time="1.158"/>
  <system-out/>
  <testcase classname="r2s.store.test.TestLoginFail" name="NextLoginWithPassword" time="3.928"/>
  <system-out/>
</testsuite> <!-- r2s.store.test.TestLoginFail -->
